2026-04-15 12:46:47  INFO      FRED client initialised.
2026-04-15 12:46:47  INFO      Bronze schema and fred_observations table ready.
2026-04-15 12:46:47  INFO      Fetching FEDFUNDS — Fed funds effective rate (monthly)
2026-04-15 12:46:48  ERROR       ✗ FEDFUNDS failed: <urlopen error [SSL: CERTIFICATE_VERIFY_FAILED] certificate verify failed: unable to get local issuer certificate (_ssl.c:1010)>
2026-04-15 12:46:48  INFO      Fetching T10Y2Y — 10Y minus 2Y Treasury spread — yield curve (daily)
2026-04-15 12:46:48  ERROR       ✗ T10Y2Y failed: <urlopen error [SSL: CERTIFICATE_VERIFY_FAILED] certificate verify failed: unable to get local issuer certificate (_ssl.c:1010)>
2026-04-15 12:46:48  INFO      Fetching CPIAUCSL — CPI all items — inflation (monthly)
2026-04-15 12:46:48  ERROR       ✗ CPIAUCSL failed: <urlopen error [SSL: CERTIFICATE_VERIFY_FAILED] certificate verify failed: unable to get local issuer certificate (_ssl.c:1010)>
2026-04-15 12:46:48  INFO      Fetching UNRATE — US unemployment rate (monthly)
2026-04-15 12:46:48  ERROR       ✗ UNRATE failed: <urlopen error [SSL: CERTIFICATE_VERIFY_FAILED] certificate verify failed: unable to get local issuer certificate (_ssl.c:1010)>
2026-04-15 12:46:48  INFO      Fetching T10YIE — 10Y breakeven inflation rate (daily)
2026-04-15 12:46:48  ERROR       ✗ T10YIE failed: <urlopen error [SSL: CERTIFICATE_VERIFY_FAILED] certificate verify failed: unable to get local issuer certificate (_ssl.c:1010)>
2026-04-15 12:46:48  INFO      Fetching BAMLH0A0HYM2 — High yield credit spread OAS (daily)
2026-04-15 12:46:48  ERROR       ✗ BAMLH0A0HYM2 failed: <urlopen error [SSL: CERTIFICATE_VERIFY_FAILED] certificate verify failed: unable to get local issuer certificate (_ssl.c:1010)>
2026-04-15 12:46:48  INFO      Done. Total rows in bronze.fred_observations: 0
2026-04-15 13:01:30  INFO      FRED client initialised.
2026-04-15 13:01:30  INFO      Bronze schema and fred_observations table ready.
2026-04-15 13:01:30  INFO      Fetching FEDFUNDS — Fed funds effective rate (monthly)
2026-04-15 13:01:30  ERROR       ✗ FEDFUNDS failed: 'SSLContext' object is not callable
2026-04-15 13:01:30  INFO      Fetching T10Y2Y — 10Y minus 2Y Treasury spread — yield curve (daily)
2026-04-15 13:01:30  ERROR       ✗ T10Y2Y failed: 'SSLContext' object is not callable
2026-04-15 13:01:30  INFO      Fetching CPIAUCSL — CPI all items — inflation (monthly)
2026-04-15 13:01:30  ERROR       ✗ CPIAUCSL failed: 'SSLContext' object is not callable
2026-04-15 13:01:30  INFO      Fetching UNRATE — US unemployment rate (monthly)
2026-04-15 13:01:30  ERROR       ✗ UNRATE failed: 'SSLContext' object is not callable
2026-04-15 13:01:30  INFO      Fetching T10YIE — 10Y breakeven inflation rate (daily)
2026-04-15 13:01:30  ERROR       ✗ T10YIE failed: 'SSLContext' object is not callable
2026-04-15 13:01:30  INFO      Fetching BAMLH0A0HYM2 — High yield credit spread OAS (daily)
2026-04-15 13:01:30  ERROR       ✗ BAMLH0A0HYM2 failed: 'SSLContext' object is not callable
2026-04-15 13:01:30  INFO      Done. Total rows in bronze.fred_observations: 0
2026-04-15 14:23:51  INFO      FRED client initialised.
2026-04-15 14:23:51  INFO      Bronze schema and fred_observations table ready.
2026-04-15 14:23:51  INFO      Fetching FEDFUNDS — Fed funds effective rate (monthly)
2026-04-15 14:23:52  INFO        ✓ FEDFUNDS: 315 rows written to bronze.
2026-04-15 14:23:52  INFO      Fetching T10Y2Y — 10Y minus 2Y Treasury spread — yield curve (daily)
2026-04-15 14:23:52  INFO        ✓ T10Y2Y: 6857 rows written to bronze.
2026-04-15 14:23:52  INFO      Fetching CPIAUCSL — CPI all items — inflation (monthly)
2026-04-15 14:23:53  INFO        ✓ CPIAUCSL: 315 rows written to bronze.
2026-04-15 14:23:53  INFO      Fetching UNRATE — US unemployment rate (monthly)
2026-04-15 14:23:53  INFO        ✓ UNRATE: 315 rows written to bronze.
2026-04-15 14:23:53  INFO      Fetching T10YIE — 10Y breakeven inflation rate (daily)
2026-04-15 14:23:54  INFO        ✓ T10YIE: 6074 rows written to bronze.
2026-04-15 14:23:54  INFO      Fetching BAMLH0A0HYM2 — High yield credit spread OAS (daily)
2026-04-15 14:23:54  INFO        ✓ BAMLH0A0HYM2: 6945 rows written to bronze.
2026-04-15 14:23:54  INFO      Done. Total rows in bronze.fred_observations: 20821
2026-04-16 15:04:05  INFO      FRED client initialised.
2026-04-16 15:04:05  INFO      Bronze schema and fred_observations table ready.
2026-04-16 15:04:05  INFO      Fetching FEDFUNDS — Fed funds effective rate (monthly)
2026-04-16 15:04:06  INFO        ✓ FEDFUNDS: 315 rows written to bronze.
2026-04-16 15:04:06  INFO      Fetching T10Y2Y — 10Y minus 2Y Treasury spread — yield curve (daily)
2026-04-16 15:04:07  INFO        ✓ T10Y2Y: 6858 rows written to bronze.
2026-04-16 15:04:07  INFO      Fetching CPIAUCSL — CPI all items — inflation (monthly)
2026-04-16 15:04:07  INFO        ✓ CPIAUCSL: 315 rows written to bronze.
2026-04-16 15:04:07  INFO      Fetching UNRATE — US unemployment rate (monthly)
2026-04-16 15:04:07  INFO        ✓ UNRATE: 315 rows written to bronze.
2026-04-16 15:04:07  INFO      Fetching T10YIE — 10Y breakeven inflation rate (daily)
2026-04-16 15:04:08  INFO        ✓ T10YIE: 6075 rows written to bronze.
2026-04-16 15:04:08  INFO      Fetching BAMLH0A0HYM2 — High yield credit spread OAS (daily)
2026-04-16 15:04:09  INFO        ✓ BAMLH0A0HYM2: 6946 rows written to bronze.
2026-04-16 15:04:09  INFO      Done. Total rows in bronze.fred_observations: 20824
